0 info it worked if it ends with ok
1 verbose cli [ '/Users/theuylimpanont/.nvm/versions/node/v5.10.1/bin/node',
1 verbose cli   '/Users/theuylimpanont/.nvm/versions/node/v5.10.1/bin/npm',
1 verbose cli   'run',
1 verbose cli   'pull-translation' ]
2 info using npm@3.8.3
3 info using node@v5.10.1
4 verbose run-script [ 'prepull-translation',
4 verbose run-script   'pull-translation',
4 verbose run-script   'postpull-translation' ]
5 info lifecycle part-up@~prepull-translation: part-up@
6 silly lifecycle part-up@~prepull-translation: no script for prepull-translation, continuing
7 info lifecycle part-up@~pull-translation: part-up@
8 verbose lifecycle part-up@~pull-translation: unsafe-perm in lifecycle true
9 verbose lifecycle part-up@~pull-translation: PATH: /Users/theuylimpanont/.nvm/versions/node/v5.10.1/lib/node_modules/npm/bin/node-gyp-bin:/Users/theuylimpanont/Development/part-up/node_modules/.bin:/Users/theuylimpanont/.nvm/versions/node/v5.10.1/bin:/Users/theuylimpanont/.nvm/versions/node/v5.10.1/bin:/usr/local/bin:/usr/bin:/bin:/usr/sbin:/sbin:/usr/local/git/bin
10 verbose lifecycle part-up@~pull-translation: CWD: /Users/theuylimpanont/Development/part-up
11 silly lifecycle part-up@~pull-translation: Args: [ '-c',
11 silly lifecycle   'node ./phraseapp/phraseapp.js --command pull --access_token 193b1cb74df9b522e06166c3dc17d5a7055ff9e17bf5ae93c8a97cf3b97a9780' ]
12 silly lifecycle part-up@~pull-translation: Returned: code: 1  signal: null
13 info lifecycle part-up@~pull-translation: Failed to exec pull-translation script
14 verbose stack Error: part-up@ pull-translation: `node ./phraseapp/phraseapp.js --command pull --access_token 193b1cb74df9b522e06166c3dc17d5a7055ff9e17bf5ae93c8a97cf3b97a9780`
14 verbose stack Exit status 1
14 verbose stack     at EventEmitter.<anonymous> (/Users/theuylimpanont/.nvm/versions/node/v5.10.1/lib/node_modules/npm/lib/utils/lifecycle.js:239:16)
14 verbose stack     at emitTwo (events.js:100:13)
14 verbose stack     at EventEmitter.emit (events.js:185:7)
14 verbose stack     at ChildProcess.<anonymous> (/Users/theuylimpanont/.nvm/versions/node/v5.10.1/lib/node_modules/npm/lib/utils/spawn.js:24:14)
14 verbose stack     at emitTwo (events.js:100:13)
14 verbose stack     at ChildProcess.emit (events.js:185:7)
14 verbose stack     at maybeClose (internal/child_process.js:850:16)
14 verbose stack     at Process.ChildProcess._handle.onexit (internal/child_process.js:215:5)
15 verbose pkgid part-up@
16 verbose cwd /Users/theuylimpanont/Development/part-up
17 error Darwin 15.5.0
18 error argv "/Users/theuylimpanont/.nvm/versions/node/v5.10.1/bin/node" "/Users/theuylimpanont/.nvm/versions/node/v5.10.1/bin/npm" "run" "pull-translation"
19 error node v5.10.1
20 error npm  v3.8.3
21 error code ELIFECYCLE
22 error part-up@ pull-translation: `node ./phraseapp/phraseapp.js --command pull --access_token 193b1cb74df9b522e06166c3dc17d5a7055ff9e17bf5ae93c8a97cf3b97a9780`
22 error Exit status 1
23 error Failed at the part-up@ pull-translation script 'node ./phraseapp/phraseapp.js --command pull --access_token 193b1cb74df9b522e06166c3dc17d5a7055ff9e17bf5ae93c8a97cf3b97a9780'.
23 error Make sure you have the latest version of node.js and npm installed.
23 error If you do, this is most likely a problem with the part-up package,
23 error not with npm itself.
23 error Tell the author that this fails on your system:
23 error     node ./phraseapp/phraseapp.js --command pull --access_token 193b1cb74df9b522e06166c3dc17d5a7055ff9e17bf5ae93c8a97cf3b97a9780
23 error You can get information on how to open an issue for this project with:
23 error     npm bugs part-up
23 error Or if that isn't available, you can get their info via:
23 error     npm owner ls part-up
23 error There is likely additional logging output above.
24 verbose exit [ 1, true ]
